# JRE version: Java(TM) SE Runtime Environment (8.0_60-b27) (build 1.8.0_60-b27)
# Java VM: Java HotSpot(TM) 64-Bit Server VM (25.60-b23 mixed mode bsd-amd64 compressed oops)
Heap:
 PSYoungGen      total 38400K, used 25206K [0x0000000795580000, 0x0000000799c80000, 0x00000007c0000000)
  eden space 33280K, 60% used [0x0000000795580000,0x0000000796921070,0x0000000797600000)
  from space 5120K, 99% used [0x0000000797600000,0x0000000797afc880,0x0000000797b00000)
  to   space 5120K, 0% used [0x0000000799780000,0x0000000799780000,0x0000000799c80000)
 ParOldGen       total 42496K, used 10922K [0x0000000740000000, 0x0000000742980000, 0x0000000795580000)
  object space 42496K, 25% used [0x0000000740000000,0x0000000740aaa9c8,0x0000000742980000)
 Metaspace       used 26837K, capacity 27528K, committed 27648K, reserved 1073152K
  class space    used 3559K, capacity 3747K, committed 3840K, reserved 1048576K
GC Heap History (8 events):
Event: 8.449 GC heap before
{Heap before GC invocations=1 (full 0):
 PSYoungGen      total 38400K, used 33280K [0x0000000795580000, 0x0000000798000000, 0x00000007c0000000)
  eden space 33280K, 100% used [0x0000000795580000,0x0000000797600000,0x0000000797600000)
  from space 5120K, 0% used [0x0000000797b00000,0x0000000797b00000,0x0000000798000000)
  to   space 5120K, 0% used [0x0000000797600000,0x0000000797600000,0x0000000797b00000)
 ParOldGen       total 87552K, used 0K [0x0000000740000000, 0x0000000745580000, 0x0000000795580000)
  object space 87552K, 0% used [0x0000000740000000,0x0000000740000000,0x0000000745580000)
 Metaspace       used 19399K, capacity 19806K, committed 19968K, reserved 1067008K
  class space    used 2403K, capacity 2526K, committed 2560K, reserved 1048576K
Event: 8.454 GC heap after
Heap after GC invocations=1 (full 0):
 PSYoungGen      total 38400K, used 5108K [0x0000000795580000, 0x0000000798000000, 0x00000007c0000000)
  eden space 33280K, 0% used [0x0000000795580000,0x0000000795580000,0x0000000797600000)
  from space 5120K, 99% used [0x0000000797600000,0x0000000797afd100,0x0000000797b00000)
  to   space 5120K, 0% used [0x0000000797b00000,0x0000000797b00000,0x0000000798000000)
 ParOldGen       total 87552K, used 633K [0x0000000740000000, 0x0000000745580000, 0x0000000795580000)
  object space 87552K, 0% used [0x0000000740000000,0x000000074009e500,0x0000000745580000)
 Metaspace       used 19399K, capacity 19806K, committed 19968K, reserved 1067008K
  class space    used 2403K, capacity 2526K, committed 2560K, reserved 1048576K
}
Event: 8.538 GC heap before
{Heap before GC invocations=2 (full 0):
 PSYoungGen      total 38400K, used 12281K [0x0000000795580000, 0x0000000798000000, 0x00000007c0000000)
  eden space 33280K, 21% used [0x0000000795580000,0x0000000795c81428,0x0000000797600000)
  from space 5120K, 99% used [0x0000000797600000,0x0000000797afd100,0x0000000797b00000)
  to   space 5120K, 0% used [0x0000000797b00000,0x0000000797b00000,0x0000000798000000)
 ParOldGen       total 87552K, used 633K [0x0000000740000000, 0x0000000745580000, 0x0000000795580000)
  object space 87552K, 0% used [0x0000000740000000,0x000000074009e500,0x0000000745580000)
 Metaspace       used 20726K, capacity 21094K, committed 21248K, reserved 1067008K
  class space    used 2601K, capacity 2736K, committed 2816K, reserved 1048576K
Event: 8.543 GC heap after
Heap after GC invocations=2 (full 0):
 PSYoungGen      total 38400K, used 5119K [0x0000000795580000, 0x000000079a080000, 0x00000007c0000000)
  eden space 33280K, 0% used [0x0000000795580000,0x0000000795580000,0x0000000797600000)
  from space 5120K, 99% used [0x0000000797b00000,0x0000000797ffffa0,0x0000000798000000)
  to   space 5120K, 0% used [0x0000000797600000,0x0000000797600000,0x0000000797b00000)
 ParOldGen       total 87552K, used 1041K [0x0000000740000000, 0x0000000745580000, 0x0000000795580000)
  object space 87552K, 1% used [0x0000000740000000,0x0000000740104500,0x0000000745580000)
 Metaspace       used 20726K, capacity 21094K, committed 21248K, reserved 1067008K
  class space    used 2601K, capacity 2736K, committed 2816K, reserved 1048576K
}
Event: 8.543 GC heap before
{Heap before GC invocations=3 (full 1):
 PSYoungGen      total 38400K, used 5119K [0x0000000795580000, 0x000000079a080000, 0x00000007c0000000)
  eden space 33280K, 0% used [0x0000000795580000,0x0000000795580000,0x0000000797600000)
  from space 5120K, 99% used [0x0000000797b00000,0x0000000797ffffa0,0x0000000798000000)
  to   space 5120K, 0% used [0x0000000797600000,0x0000000797600000,0x0000000797b00000)
 ParOldGen       total 87552K, used 1041K [0x0000000740000000, 0x0000000745580000, 0x0000000795580000)
  object space 87552K, 1% used [0x0000000740000000,0x0000000740104500,0x0000000745580000)
 Metaspace       used 20726K, capacity 21094K, committed 21248K, reserved 1067008K
  class space    used 2601K, capacity 2736K, committed 2816K, reserved 1048576K
Event: 8.565 GC heap after
Heap after GC invocations=3 (full 1):
 PSYoungGen      total 38400K, used 0K [0x0000000795580000, 0x000000079a080000, 0x00000007c0000000)
  eden space 33280K, 0% used [0x0000000795580000,0x0000000795580000,0x0000000797600000)
  from space 5120K, 0% used [0x0000000797b00000,0x0000000797b00000,0x0000000798000000)
  to   space 5120K, 0% used [0x0000000797600000,0x0000000797600000,0x0000000797b00000)
 ParOldGen       total 42496K, used 5453K [0x0000000740000000, 0x0000000742980000, 0x0000000795580000)
  object space 42496K, 12% used [0x0000000740000000,0x0000000740553530,0x0000000742980000)
 Metaspace       used 20726K, capacity 21094K, committed 21248K, reserved 1067008K
  class space    used 2601K, capacity 2736K, committed 2816K, reserved 1048576K
}
Event: 16.734 GC heap before
{Heap before GC invocations=4 (full 1):
 PSYoungGen      total 38400K, used 32920K [0x0000000795580000, 0x000000079a080000, 0x00000007c0000000)
  eden space 33280K, 98% used [0x0000000795580000,0x00000007975a6098,0x0000000797600000)
  from space 5120K, 0% used [0x0000000797b00000,0x0000000797b00000,0x0000000798000000)
  to   space 5120K, 0% used [0x0000000797600000,0x0000000797600000,0x0000000797b00000)
 ParOldGen       total 42496K, used 5453K [0x0000000740000000, 0x0000000742980000, 0x0000000795580000)
  object space 42496K, 12% used [0x0000000740000000,0x0000000740553530,0x0000000742980000)
 Metaspace       used 25856K, capacity 26600K, committed 26752K, reserved 1073152K
  class space    used 3454K, capacity 3651K, committed 3712K, reserved 1048576K
Event: 16.739 GC heap after
Heap after GC invocations=4 (full 1):
 PSYoungGen      total 38400K, used 5106K [0x0000000795580000, 0x0000000799c80000, 0x00000007c0000000)
  eden space 33280K, 0% used [0x0000000795580000,0x0000000795580000,0x0000000797600000)
  from space 5120K, 99% used [0x0000000797600000,0x0000000797afc880,0x0000000797b00000)
  to   space 5120K, 0% used [0x0000000799780000,0x0000000799780000,0x0000000799c80000)
 ParOldGen       total 42496K, used 10922K [0x0000000740000000, 0x0000000742980000, 0x0000000795580000)
  object space 42496K, 25% used [0x0000000740000000,0x0000000740aaa9c8,0x0000000742980000)
 Metaspace       used 25856K, capacity 26600K, committed 26752K, reserved 1073152K
  class space    used 3454K, capacity 3651K, committed 3712K, reserved 1048576K
}

