# JRE version: Java(TM) SE Runtime Environment (8.0_60-b27) (build 1.8.0_60-b27)
# Java VM: Java HotSpot(TM) 64-Bit Server VM (25.60-b23 mixed mode bsd-amd64 compressed oops)
Heap:
 PSYoungGen      total 579584K, used 279852K [0x0000000795580000, 0x00000007bf400000, 0x00000007c0000000)
  eden space 476160K, 53% used [0x0000000795580000,0x00000007a4cebcc0,0x00000007b2680000)
  from space 103424K, 25% used [0x00000007b2680000,0x00000007b405f6f8,0x00000007b8b80000)
  to   space 98816K, 0% used [0x00000007b9380000,0x00000007b9380000,0x00000007bf400000)
 ParOldGen       total 210944K, used 151021K [0x0000000740000000, 0x000000074ce00000, 0x0000000795580000)
  object space 210944K, 71% used [0x0000000740000000,0x000000074937b608,0x000000074ce00000)
 Metaspace       used 27504K, capacity 28204K, committed 28464K, reserved 1075200K
  class space    used 3373K, capacity 3577K, committed 3632K, reserved 1048576K
GC Heap History (10 events):
Event: 59.955 GC heap before
{Heap before GC invocations=26 (full 5):
 PSYoungGen      total 571392K, used 468758K [0x0000000795580000, 0x00000007c0000000, 0x00000007c0000000)
  eden space 449536K, 100% used [0x0000000795580000,0x00000007b0c80000,0x00000007b0c80000)
  from space 121856K, 15% used [0x00000007b8180000,0x00000007b9445870,0x00000007bf880000)
  to   space 119808K, 0% used [0x00000007b0c80000,0x00000007b0c80000,0x00000007b8180000)
 ParOldGen       total 210944K, used 130050K [0x0000000740000000, 0x000000074ce00000, 0x0000000795580000)
  object space 210944K, 61% used [0x0000000740000000,0x0000000747f00948,0x000000074ce00000)
 Metaspace       used 27462K, capacity 28204K, committed 28464K, reserved 1075200K
  class space    used 3371K, capacity 3577K, committed 3632K, reserved 1048576K
Event: 59.959 GC heap after
Heap after GC invocations=26 (full 5):
 PSYoungGen      total 569344K, used 23012K [0x0000000795580000, 0x00000007bf700000, 0x00000007c0000000)
  eden space 449536K, 0% used [0x0000000795580000,0x0000000795580000,0x00000007b0c80000)
  from space 119808K, 19% used [0x00000007b0c80000,0x00000007b22f9178,0x00000007b8180000)
  to   space 116224K, 0% used [0x00000007b8580000,0x00000007b8580000,0x00000007bf700000)
 ParOldGen       total 210944K, used 130098K [0x0000000740000000, 0x000000074ce00000, 0x0000000795580000)
  object space 210944K, 61% used [0x0000000740000000,0x0000000747f0c948,0x000000074ce00000)
 Metaspace       used 27462K, capacity 28204K, committed 28464K, reserved 1075200K
  class space    used 3371K, capacity 3577K, committed 3632K, reserved 1048576K
}
Event: 65.460 GC heap before
{Heap before GC invocations=27 (full 5):
 PSYoungGen      total 569344K, used 471694K [0x0000000795580000, 0x00000007bf700000, 0x00000007c0000000)
  eden space 449536K, 99% used [0x0000000795580000,0x00000007b0baa6b0,0x00000007b0c80000)
  from space 119808K, 19% used [0x00000007b0c80000,0x00000007b22f9178,0x00000007b8180000)
  to   space 116224K, 0% used [0x00000007b8580000,0x00000007b8580000,0x00000007bf700000)
 ParOldGen       total 210944K, used 130098K [0x0000000740000000, 0x000000074ce00000, 0x0000000795580000)
  object space 210944K, 61% used [0x0000000740000000,0x0000000747f0c948,0x000000074ce00000)
 Metaspace       used 27468K, capacity 28204K, committed 28464K, reserved 1075200K
  class space    used 3372K, capacity 3577K, committed 3632K, reserved 1048576K
Event: 65.472 GC heap after
Heap after GC invocations=27 (full 5):
 PSYoungGen      total 574976K, used 27695K [0x0000000795580000, 0x00000007bf480000, 0x00000007c0000000)
  eden space 461312K, 0% used [0x0000000795580000,0x0000000795580000,0x00000007b1800000)
  from space 113664K, 24% used [0x00000007b8580000,0x00000007ba08be70,0x00000007bf480000)
  to   space 112128K, 0% used [0x00000007b1800000,0x00000007b1800000,0x00000007b8580000)
 ParOldGen       total 210944K, used 134646K [0x0000000740000000, 0x000000074ce00000, 0x0000000795580000)
  object space 210944K, 63% used [0x0000000740000000,0x000000074837d978,0x000000074ce00000)
 Metaspace       used 27468K, capacity 28204K, committed 28464K, reserved 1075200K
  class space    used 3372K, capacity 3577K, committed 3632K, reserved 1048576K
}
Event: 71.075 GC heap before
{Heap before GC invocations=28 (full 5):
 PSYoungGen      total 574976K, used 489007K [0x0000000795580000, 0x00000007bf480000, 0x00000007c0000000)
  eden space 461312K, 100% used [0x0000000795580000,0x00000007b1800000,0x00000007b1800000)
  from space 113664K, 24% used [0x00000007b8580000,0x00000007ba08be70,0x00000007bf480000)
  to   space 112128K, 0% used [0x00000007b1800000,0x00000007b1800000,0x00000007b8580000)
 ParOldGen       total 210944K, used 135546K [0x0000000740000000, 0x000000074ce00000, 0x0000000795580000)
  object space 210944K, 64% used [0x0000000740000000,0x000000074845e988,0x000000074ce00000)
 Metaspace       used 27476K, capacity 28204K, committed 28464K, reserved 1075200K
  class space    used 3372K, capacity 3577K, committed 3632K, reserved 1048576K
Event: 71.082 GC heap after
Heap after GC invocations=28 (full 5):
 PSYoungGen      total 573440K, used 32374K [0x0000000795580000, 0x00000007bf380000, 0x00000007c0000000)
  eden space 461312K, 0% used [0x0000000795580000,0x0000000795580000,0x00000007b1800000)
  from space 112128K, 28% used [0x00000007b1800000,0x00000007b379db98,0x00000007b8580000)
  to   space 106496K, 0% used [0x00000007b8b80000,0x00000007b8b80000,0x00000007bf380000)
 ParOldGen       total 210944K, used 140118K [0x0000000740000000, 0x000000074ce00000, 0x0000000795580000)
  object space 210944K, 66% used [0x0000000740000000,0x00000007488d59b8,0x000000074ce00000)
 Metaspace       used 27476K, capacity 28204K, committed 28464K, reserved 1075200K
  class space    used 3372K, capacity 3577K, committed 3632K, reserved 1048576K
}
Event: 77.211 GC heap before
{Heap before GC invocations=29 (full 5):
 PSYoungGen      total 573440K, used 493686K [0x0000000795580000, 0x00000007bf380000, 0x00000007c0000000)
  eden space 461312K, 100% used [0x0000000795580000,0x00000007b1800000,0x00000007b1800000)
  from space 112128K, 28% used [0x00000007b1800000,0x00000007b379db98,0x00000007b8580000)
  to   space 106496K, 0% used [0x00000007b8b80000,0x00000007b8b80000,0x00000007bf380000)
 ParOldGen       total 210944K, used 144745K [0x0000000740000000, 0x000000074ce00000, 0x0000000795580000)
  object space 210944K, 68% used [0x0000000740000000,0x0000000748d5a718,0x000000074ce00000)
 Metaspace       used 27479K, capacity 28204K, committed 28464K, reserved 1075200K
  class space    used 3372K, capacity 3577K, committed 3632K, reserved 1048576K
Event: 77.224 GC heap after
Heap after GC invocations=29 (full 5):
 PSYoungGen      total 582656K, used 22822K [0x0000000795580000, 0x00000007bf480000, 0x00000007c0000000)
  eden space 476160K, 0% used [0x0000000795580000,0x0000000795580000,0x00000007b2680000)
  from space 106496K, 21% used [0x00000007b8b80000,0x00000007ba1c99c0,0x00000007bf380000)
  to   space 103424K, 0% used [0x00000007b2680000,0x00000007b2680000,0x00000007b8b80000)
 ParOldGen       total 210944K, used 151013K [0x0000000740000000, 0x000000074ce00000, 0x0000000795580000)
  object space 210944K, 71% used [0x0000000740000000,0x0000000749379608,0x000000074ce00000)
 Metaspace       used 27479K, capacity 28204K, committed 28464K, reserved 1075200K
  class space    used 3372K, capacity 3577K, committed 3632K, reserved 1048576K
}
Event: 83.031 GC heap before
{Heap before GC invocations=30 (full 5):
 PSYoungGen      total 582656K, used 498982K [0x0000000795580000, 0x00000007bf480000, 0x00000007c0000000)
  eden space 476160K, 100% used [0x0000000795580000,0x00000007b2680000,0x00000007b2680000)
  from space 106496K, 21% used [0x00000007b8b80000,0x00000007ba1c99c0,0x00000007bf380000)
  to   space 103424K, 0% used [0x00000007b2680000,0x00000007b2680000,0x00000007b8b80000)
 ParOldGen       total 210944K, used 151013K [0x0000000740000000, 0x000000074ce00000, 0x0000000795580000)
  object space 210944K, 71% used [0x0000000740000000,0x0000000749379608,0x000000074ce00000)
 Metaspace       used 27494K, capacity 28204K, committed 28464K, reserved 1075200K
  class space    used 3372K, capacity 3577K, committed 3632K, reserved 1048576K
Event: 83.037 GC heap after
Heap after GC invocations=30 (full 5):
 PSYoungGen      total 579584K, used 26493K [0x0000000795580000, 0x00000007bf400000, 0x00000007c0000000)
  eden space 476160K, 0% used [0x0000000795580000,0x0000000795580000,0x00000007b2680000)
  from space 103424K, 25% used [0x00000007b2680000,0x00000007b405f6f8,0x00000007b8b80000)
  to   space 98816K, 0% used [0x00000007b9380000,0x00000007b9380000,0x00000007bf400000)
 ParOldGen       total 210944K, used 151021K [0x0000000740000000, 0x000000074ce00000, 0x0000000795580000)
  object space 210944K, 71% used [0x0000000740000000,0x000000074937b608,0x000000074ce00000)
 Metaspace       used 27494K, capacity 28204K, committed 28464K, reserved 1075200K
  class space    used 3372K, capacity 3577K, committed 3632K, reserved 1048576K
}

