# JRE version: Java(TM) SE Runtime Environment (8.0_60-b27) (build 1.8.0_60-b27)
# Java VM: Java HotSpot(TM) 64-Bit Server VM (25.60-b23 mixed mode bsd-amd64 compressed oops)
Heap:
 PSYoungGen      total 35840K, used 16885K [0x0000000795580000, 0x0000000799380000, 0x00000007c0000000)
  eden space 28672K, 34% used [0x0000000795580000,0x0000000795f467c0,0x0000000797180000)
  from space 7168K, 95% used [0x0000000797200000,0x00000007978b6db0,0x0000000797900000)
  to   space 17408K, 0% used [0x0000000798280000,0x0000000798280000,0x0000000799380000)
 ParOldGen       total 87552K, used 53043K [0x0000000740000000, 0x0000000745580000, 0x0000000795580000)
  object space 87552K, 60% used [0x0000000740000000,0x00000007433ccf50,0x0000000745580000)
 Metaspace       used 16270K, capacity 16942K, committed 17024K, reserved 1064960K
  class space    used 2156K, capacity 2356K, committed 2432K, reserved 1048576K
GC Heap History (10 events):
Event: 17.822 GC heap before
{Heap before GC invocations=9 (full 0):
 PSYoungGen      total 47104K, used 40978K [0x0000000795580000, 0x0000000799500000, 0x00000007c0000000)
  eden space 31232K, 91% used [0x0000000795580000,0x00000007971620f0,0x0000000797400000)
  from space 15872K, 78% used [0x0000000798580000,0x00000007991a2888,0x0000000799500000)
  to   space 16896K, 0% used [0x0000000797400000,0x0000000797400000,0x0000000798480000)
 ParOldGen       total 87552K, used 33787K [0x0000000740000000, 0x0000000745580000, 0x0000000795580000)
  object space 87552K, 38% used [0x0000000740000000,0x00000007420fee80,0x0000000745580000)
 Metaspace       used 16136K, capacity 16790K, committed 17024K, reserved 1064960K
  class space    used 2156K, capacity 2356K, committed 2432K, reserved 1048576K
Event: 17.826 GC heap after
Heap after GC invocations=9 (full 0):
 PSYoungGen      total 47616K, used 6860K [0x0000000795580000, 0x0000000799580000, 0x00000007c0000000)
  eden space 30720K, 0% used [0x0000000795580000,0x0000000795580000,0x0000000797380000)
  from space 16896K, 40% used [0x0000000797400000,0x0000000797ab30d0,0x0000000798480000)
  to   space 17408K, 0% used [0x0000000798480000,0x0000000798480000,0x0000000799580000)
 ParOldGen       total 87552K, used 39375K [0x0000000740000000, 0x0000000745580000, 0x0000000795580000)
  object space 87552K, 44% used [0x0000000740000000,0x0000000742673ec0,0x0000000745580000)
 Metaspace       used 16136K, capacity 16790K, committed 17024K, reserved 1064960K
  class space    used 2156K, capacity 2356K, committed 2432K, reserved 1048576K
}
Event: 18.513 GC heap before
{Heap before GC invocations=10 (full 0):
 PSYoungGen      total 47616K, used 35332K [0x0000000795580000, 0x0000000799580000, 0x00000007c0000000)
  eden space 30720K, 92% used [0x0000000795580000,0x000000079714e020,0x0000000797380000)
  from space 16896K, 40% used [0x0000000797400000,0x0000000797ab30d0,0x0000000798480000)
  to   space 17408K, 0% used [0x0000000798480000,0x0000000798480000,0x0000000799580000)
 ParOldGen       total 87552K, used 39375K [0x0000000740000000, 0x0000000745580000, 0x0000000795580000)
  object space 87552K, 44% used [0x0000000740000000,0x0000000742673ec0,0x0000000745580000)
 Metaspace       used 16166K, capacity 16790K, committed 17024K, reserved 1064960K
  class space    used 2156K, capacity 2356K, committed 2432K, reserved 1048576K
Event: 18.515 GC heap after
Heap after GC invocations=10 (full 0):
 PSYoungGen      total 47104K, used 6880K [0x0000000795580000, 0x0000000799500000, 0x00000007c0000000)
  eden space 30208K, 0% used [0x0000000795580000,0x0000000795580000,0x0000000797300000)
  from space 16896K, 40% used [0x0000000798480000,0x0000000798b38070,0x0000000799500000)
  to   space 17408K, 0% used [0x0000000797300000,0x0000000797300000,0x0000000798400000)
 ParOldGen       total 87552K, used 39423K [0x0000000740000000, 0x0000000745580000, 0x0000000795580000)
  object space 87552K, 45% used [0x0000000740000000,0x000000074267fec0,0x0000000745580000)
 Metaspace       used 16166K, capacity 16790K, committed 17024K, reserved 1064960K
  class space    used 2156K, capacity 2356K, committed 2432K, reserved 1048576K
}
Event: 19.108 GC heap before
{Heap before GC invocations=11 (full 0):
 PSYoungGen      total 47104K, used 35607K [0x0000000795580000, 0x0000000799500000, 0x00000007c0000000)
  eden space 30208K, 95% used [0x0000000795580000,0x000000079718dd88,0x0000000797300000)
  from space 16896K, 40% used [0x0000000798480000,0x0000000798b38070,0x0000000799500000)
  to   space 17408K, 0% used [0x0000000797300000,0x0000000797300000,0x0000000798400000)
 ParOldGen       total 87552K, used 39423K [0x0000000740000000, 0x0000000745580000, 0x0000000795580000)
  object space 87552K, 45% used [0x0000000740000000,0x000000074267fec0,0x0000000745580000)
 Metaspace       used 16178K, capacity 16794K, committed 17024K, reserved 1064960K
  class space    used 2156K, capacity 2356K, committed 2432K, reserved 1048576K
Event: 19.112 GC heap after
Heap after GC invocations=11 (full 0):
 PSYoungGen      total 36864K, used 6886K [0x0000000795580000, 0x0000000799480000, 0x00000007c0000000)
  eden space 29696K, 0% used [0x0000000795580000,0x0000000795580000,0x0000000797280000)
  from space 7168K, 96% used [0x0000000797300000,0x00000007979b98c8,0x0000000797a00000)
  to   space 17408K, 0% used [0x0000000798380000,0x0000000798380000,0x0000000799480000)
 ParOldGen       total 87552K, used 43963K [0x0000000740000000, 0x0000000745580000, 0x0000000795580000)
  object space 87552K, 50% used [0x0000000740000000,0x0000000742aeeef0,0x0000000745580000)
 Metaspace       used 16178K, capacity 16794K, committed 17024K, reserved 1064960K
  class space    used 2156K, capacity 2356K, committed 2432K, reserved 1048576K
}
Event: 19.704 GC heap before
{Heap before GC invocations=12 (full 0):
 PSYoungGen      total 36864K, used 35507K [0x0000000795580000, 0x0000000799480000, 0x00000007c0000000)
  eden space 29696K, 96% used [0x0000000795580000,0x0000000797173610,0x0000000797280000)
  from space 7168K, 96% used [0x0000000797300000,0x00000007979b98c8,0x0000000797a00000)
  to   space 17408K, 0% used [0x0000000798380000,0x0000000798380000,0x0000000799480000)
 ParOldGen       total 87552K, used 43963K [0x0000000740000000, 0x0000000745580000, 0x0000000795580000)
  object space 87552K, 50% used [0x0000000740000000,0x0000000742aeeef0,0x0000000745580000)
 Metaspace       used 16216K, capacity 16934K, committed 17024K, reserved 1064960K
  class space    used 2156K, capacity 2356K, committed 2432K, reserved 1048576K
Event: 19.708 GC heap after
Heap after GC invocations=12 (full 0):
 PSYoungGen      total 46080K, used 6898K [0x0000000795580000, 0x0000000799400000, 0x00000007c0000000)
  eden space 29184K, 0% used [0x0000000795580000,0x0000000795580000,0x0000000797200000)
  from space 16896K, 40% used [0x0000000798380000,0x0000000798a3ca18,0x0000000799400000)
  to   space 17408K, 0% used [0x0000000797200000,0x0000000797200000,0x0000000798300000)
 ParOldGen       total 87552K, used 48503K [0x0000000740000000, 0x0000000745580000, 0x0000000795580000)
  object space 87552K, 55% used [0x0000000740000000,0x0000000742f5df20,0x0000000745580000)
 Metaspace       used 16216K, capacity 16934K, committed 17024K, reserved 1064960K
  class space    used 2156K, capacity 2356K, committed 2432K, reserved 1048576K
}
Event: 20.395 GC heap before
{Heap before GC invocations=13 (full 0):
 PSYoungGen      total 46080K, used 35451K [0x0000000795580000, 0x0000000799400000, 0x00000007c0000000)
  eden space 29184K, 97% used [0x0000000795580000,0x0000000797162480,0x0000000797200000)
  from space 16896K, 40% used [0x0000000798380000,0x0000000798a3ca18,0x0000000799400000)
  to   space 17408K, 0% used [0x0000000797200000,0x0000000797200000,0x0000000798300000)
 ParOldGen       total 87552K, used 48503K [0x0000000740000000, 0x0000000745580000, 0x0000000795580000)
  object space 87552K, 55% used [0x0000000740000000,0x0000000742f5df20,0x0000000745580000)
 Metaspace       used 16236K, capacity 16942K, committed 17024K, reserved 1064960K
  class space    used 2156K, capacity 2356K, committed 2432K, reserved 1048576K
Event: 20.398 GC heap after
Heap after GC invocations=13 (full 0):
 PSYoungGen      total 35840K, used 6875K [0x0000000795580000, 0x0000000799380000, 0x00000007c0000000)
  eden space 28672K, 0% used [0x0000000795580000,0x0000000795580000,0x0000000797180000)
  from space 7168K, 95% used [0x0000000797200000,0x00000007978b6db0,0x0000000797900000)
  to   space 17408K, 0% used [0x0000000798280000,0x0000000798280000,0x0000000799380000)
 ParOldGen       total 87552K, used 53043K [0x0000000740000000, 0x0000000745580000, 0x0000000795580000)
  object space 87552K, 60% used [0x0000000740000000,0x00000007433ccf50,0x0000000745580000)
 Metaspace       used 16236K, capacity 16942K, committed 17024K, reserved 1064960K
  class space    used 2156K, capacity 2356K, committed 2432K, reserved 1048576K
}

