# JRE version: Java(TM) SE Runtime Environment (8.0_60-b27) (build 1.8.0_60-b27)
# Java VM: Java HotSpot(TM) 64-Bit Server VM (25.60-b23 mixed mode bsd-amd64 compressed oops)
Heap:
 PSYoungGen      total 550400K, used 169968K [0x0000000795580000, 0x00000007c0000000, 0x00000007c0000000)
  eden space 439808K, 38% used [0x0000000795580000,0x000000079fb7c3c8,0x00000007b0300000)
  from space 110592K, 0% used [0x00000007b9400000,0x00000007b9400000,0x00000007c0000000)
  to   space 129536K, 0% used [0x00000007b0300000,0x00000007b0300000,0x00000007b8180000)
 ParOldGen       total 270336K, used 143107K [0x0000000740000000, 0x0000000750800000, 0x0000000795580000)
  object space 270336K, 52% used [0x0000000740000000,0x0000000748bc0d68,0x0000000750800000)
 Metaspace       used 27995K, capacity 28682K, committed 28928K, reserved 1075200K
  class space    used 3614K, capacity 3784K, committed 3840K, reserved 1048576K
GC Heap History (10 events):
Event: 38.780 GC heap before
{Heap before GC invocations=18 (full 4):
 PSYoungGen      total 445952K, used 441918K [0x0000000795580000, 0x00000007bcb80000, 0x00000007c0000000)
  eden space 386048K, 100% used [0x0000000795580000,0x00000007ace80000,0x00000007ace80000)
  from space 59904K, 93% used [0x00000007ace80000,0x00000007b050fb58,0x00000007b0900000)
  to   space 68096K, 0% used [0x00000007b8900000,0x00000007b8900000,0x00000007bcb80000)
 ParOldGen       total 160768K, used 101992K [0x0000000740000000, 0x0000000749d00000, 0x0000000795580000)
  object space 160768K, 63% used [0x0000000740000000,0x000000074639a370,0x0000000749d00000)
 Metaspace       used 27672K, capacity 28362K, committed 28672K, reserved 1075200K
  class space    used 3589K, capacity 3772K, committed 3840K, reserved 1048576K
Event: 38.832 GC heap after
Heap after GC invocations=18 (full 4):
 PSYoungGen      total 550400K, used 68064K [0x0000000795580000, 0x00000007c0000000, 0x00000007c0000000)
  eden space 482304K, 0% used [0x0000000795580000,0x0000000795580000,0x00000007b2c80000)
  from space 68096K, 99% used [0x00000007b8900000,0x00000007bcb78020,0x00000007bcb80000)
  to   space 94720K, 0% used [0x00000007b2c80000,0x00000007b2c80000,0x00000007b8900000)
 ParOldGen       total 160768K, used 143300K [0x0000000740000000, 0x0000000749d00000, 0x0000000795580000)
  object space 160768K, 89% used [0x0000000740000000,0x0000000748bf1230,0x0000000749d00000)
 Metaspace       used 27672K, capacity 28362K, committed 28672K, reserved 1075200K
  class space    used 3589K, capacity 3772K, committed 3840K, reserved 1048576K
}
Event: 38.832 GC heap before
{Heap before GC invocations=19 (full 5):
 PSYoungGen      total 550400K, used 68064K [0x0000000795580000, 0x00000007c0000000, 0x00000007c0000000)
  eden space 482304K, 0% used [0x0000000795580000,0x0000000795580000,0x00000007b2c80000)
  from space 68096K, 99% used [0x00000007b8900000,0x00000007bcb78020,0x00000007bcb80000)
  to   space 94720K, 0% used [0x00000007b2c80000,0x00000007b2c80000,0x00000007b8900000)
 ParOldGen       total 160768K, used 143300K [0x0000000740000000, 0x0000000749d00000, 0x0000000795580000)
  object space 160768K, 89% used [0x0000000740000000,0x0000000748bf1230,0x0000000749d00000)
 Metaspace       used 27672K, capacity 28362K, committed 28672K, reserved 1075200K
  class space    used 3589K, capacity 3772K, committed 3840K, reserved 1048576K
Event: 38.866 GC heap after
Heap after GC invocations=19 (full 5):
 PSYoungGen      total 550400K, used 0K [0x0000000795580000, 0x00000007c0000000, 0x00000007c0000000)
  eden space 482304K, 0% used [0x0000000795580000,0x0000000795580000,0x00000007b2c80000)
  from space 68096K, 0% used [0x00000007b8900000,0x00000007b8900000,0x00000007bcb80000)
  to   space 94720K, 0% used [0x00000007b2c80000,0x00000007b2c80000,0x00000007b8900000)
 ParOldGen       total 230400K, used 118264K [0x0000000740000000, 0x000000074e100000, 0x0000000795580000)
  object space 230400K, 51% used [0x0000000740000000,0x000000074737e0c0,0x000000074e100000)
 Metaspace       used 27672K, capacity 28362K, committed 28672K, reserved 1075200K
  class space    used 3589K, capacity 3772K, committed 3840K, reserved 1048576K
}
Event: 42.983 GC heap before
{Heap before GC invocations=20 (full 5):
 PSYoungGen      total 550400K, used 482304K [0x0000000795580000, 0x00000007c0000000, 0x00000007c0000000)
  eden space 482304K, 100% used [0x0000000795580000,0x00000007b2c80000,0x00000007b2c80000)
  from space 68096K, 0% used [0x00000007b8900000,0x00000007b8900000,0x00000007bcb80000)
  to   space 94720K, 0% used [0x00000007b2c80000,0x00000007b2c80000,0x00000007b8900000)
 ParOldGen       total 230400K, used 118264K [0x0000000740000000, 0x000000074e100000, 0x0000000795580000)
  object space 230400K, 51% used [0x0000000740000000,0x000000074737e0c0,0x000000074e100000)
 Metaspace       used 27924K, capacity 28626K, committed 28928K, reserved 1075200K
  class space    used 3606K, capacity 3772K, committed 3840K, reserved 1048576K
Event: 43.094 GC heap after
Heap after GC invocations=20 (full 5):
 PSYoungGen      total 577024K, used 94525K [0x0000000795580000, 0x00000007c0000000, 0x00000007c0000000)
  eden space 482304K, 0% used [0x0000000795580000,0x0000000795580000,0x00000007b2c80000)
  from space 94720K, 99% used [0x00000007b2c80000,0x00000007b88cf760,0x00000007b8900000)
  to   space 110592K, 0% used [0x00000007b9400000,0x00000007b9400000,0x00000007c0000000)
 ParOldGen       total 230400K, used 158777K [0x0000000740000000, 0x000000074e100000, 0x0000000795580000)
  object space 230400K, 68% used [0x0000000740000000,0x0000000749b0e4d0,0x000000074e100000)
 Metaspace       used 27924K, capacity 28626K, committed 28928K, reserved 1075200K
  class space    used 3606K, capacity 3772K, committed 3840K, reserved 1048576K
}
Event: 47.245 GC heap before
{Heap before GC invocations=21 (full 5):
 PSYoungGen      total 577024K, used 576829K [0x0000000795580000, 0x00000007c0000000, 0x00000007c0000000)
  eden space 482304K, 100% used [0x0000000795580000,0x00000007b2c80000,0x00000007b2c80000)
  from space 94720K, 99% used [0x00000007b2c80000,0x00000007b88cf760,0x00000007b8900000)
  to   space 110592K, 0% used [0x00000007b9400000,0x00000007b9400000,0x00000007c0000000)
 ParOldGen       total 230400K, used 158777K [0x0000000740000000, 0x000000074e100000, 0x0000000795580000)
  object space 230400K, 68% used [0x0000000740000000,0x0000000749b0e4d0,0x000000074e100000)
 Metaspace       used 27942K, capacity 28626K, committed 28928K, reserved 1075200K
  class space    used 3606K, capacity 3772K, committed 3840K, reserved 1048576K
Event: 47.302 GC heap after
Heap after GC invocations=21 (full 5):
 PSYoungGen      total 550400K, used 110390K [0x0000000795580000, 0x00000007c0000000, 0x00000007c0000000)
  eden space 439808K, 0% used [0x0000000795580000,0x0000000795580000,0x00000007b0300000)
  from space 110592K, 99% used [0x00000007b9400000,0x00000007bffcd9d0,0x00000007c0000000)
  to   space 129536K, 0% used [0x00000007b0300000,0x00000007b0300000,0x00000007b8180000)
 ParOldGen       total 230400K, used 184212K [0x0000000740000000, 0x000000074e100000, 0x0000000795580000)
  object space 230400K, 79% used [0x0000000740000000,0x000000074b3e53a0,0x000000074e100000)
 Metaspace       used 27942K, capacity 28626K, committed 28928K, reserved 1075200K
  class space    used 3606K, capacity 3772K, committed 3840K, reserved 1048576K
}
Event: 47.303 GC heap before
{Heap before GC invocations=22 (full 6):
 PSYoungGen      total 550400K, used 110390K [0x0000000795580000, 0x00000007c0000000, 0x00000007c0000000)
  eden space 439808K, 0% used [0x0000000795580000,0x0000000795580000,0x00000007b0300000)
  from space 110592K, 99% used [0x00000007b9400000,0x00000007bffcd9d0,0x00000007c0000000)
  to   space 129536K, 0% used [0x00000007b0300000,0x00000007b0300000,0x00000007b8180000)
 ParOldGen       total 230400K, used 184212K [0x0000000740000000, 0x000000074e100000, 0x0000000795580000)
  object space 230400K, 79% used [0x0000000740000000,0x000000074b3e53a0,0x000000074e100000)
 Metaspace       used 27942K, capacity 28626K, committed 28928K, reserved 1075200K
  class space    used 3606K, capacity 3772K, committed 3840K, reserved 1048576K
Event: 47.345 GC heap after
Heap after GC invocations=22 (full 6):
 PSYoungGen      total 550400K, used 0K [0x0000000795580000, 0x00000007c0000000, 0x00000007c0000000)
  eden space 439808K, 0% used [0x0000000795580000,0x0000000795580000,0x00000007b0300000)
  from space 110592K, 0% used [0x00000007b9400000,0x00000007b9400000,0x00000007c0000000)
  to   space 129536K, 0% used [0x00000007b0300000,0x00000007b0300000,0x00000007b8180000)
 ParOldGen       total 270336K, used 143107K [0x0000000740000000, 0x0000000750800000, 0x0000000795580000)
  object space 270336K, 52% used [0x0000000740000000,0x0000000748bc0d68,0x0000000750800000)
 Metaspace       used 27942K, capacity 28626K, committed 28928K, reserved 1075200K
  class space    used 3606K, capacity 3772K, committed 3840K, reserved 1048576K
}

