# JRE version: Java(TM) SE Runtime Environment (8.0_60-b27) (build 1.8.0_60-b27)
# Java VM: Java HotSpot(TM) 64-Bit Server VM (25.60-b23 mixed mode bsd-amd64 compressed oops)
Heap:
 PSYoungGen      total 514048K, used 365853K [0x0000000795580000, 0x00000007c0000000, 0x00000007c0000000)
  eden space 446976K, 72% used [0x0000000795580000,0x00000007a92f1410,0x00000007b0a00000)
  from space 67072K, 60% used [0x00000007b0a00000,0x00000007b31d6350,0x00000007b4b80000)
  to   space 67584K, 0% used [0x00000007bbe00000,0x00000007bbe00000,0x00000007c0000000)
 ParOldGen       total 181248K, used 123330K [0x0000000740000000, 0x000000074b100000, 0x0000000795580000)
  object space 181248K, 68% used [0x0000000740000000,0x0000000747870a98,0x000000074b100000)
 Metaspace       used 27697K, capacity 28412K, committed 28672K, reserved 1075200K
  class space    used 3608K, capacity 3781K, committed 3840K, reserved 1048576K
GC Heap History (10 events):
Event: 18.364 GC heap before
{Heap before GC invocations=13 (full 3):
 PSYoungGen      total 359936K, used 43992K [0x0000000795580000, 0x00000007af280000, 0x00000007c0000000)
  eden space 315904K, 0% used [0x0000000795580000,0x0000000795580000,0x00000007a8a00000)
  from space 44032K, 99% used [0x00000007abb80000,0x00000007ae676250,0x00000007ae680000)
  to   space 50688K, 0% used [0x00000007a8a00000,0x00000007a8a00000,0x00000007abb80000)
 ParOldGen       total 86528K, used 75489K [0x0000000740000000, 0x0000000745480000, 0x0000000795580000)
  object space 86528K, 87% used [0x0000000740000000,0x00000007449b8588,0x0000000745480000)
 Metaspace       used 27328K, capacity 27960K, committed 28160K, reserved 1073152K
  class space    used 3590K, capacity 3769K, committed 3840K, reserved 1048576K
Event: 18.431 GC heap after
Heap after GC invocations=13 (full 3):
 PSYoungGen      total 359936K, used 0K [0x0000000795580000, 0x00000007af280000, 0x00000007c0000000)
  eden space 315904K, 0% used [0x0000000795580000,0x0000000795580000,0x00000007a8a00000)
  from space 44032K, 0% used [0x00000007abb80000,0x00000007abb80000,0x00000007ae680000)
  to   space 50688K, 0% used [0x00000007a8a00000,0x00000007a8a00000,0x00000007abb80000)
 ParOldGen       total 136192K, used 66836K [0x0000000740000000, 0x0000000748500000, 0x0000000795580000)
  object space 136192K, 49% used [0x0000000740000000,0x0000000744145240,0x0000000748500000)
 Metaspace       used 27328K, capacity 27960K, committed 28160K, reserved 1073152K
  class space    used 3590K, capacity 3769K, committed 3840K, reserved 1048576K
}
Event: 21.136 GC heap before
{Heap before GC invocations=14 (full 3):
 PSYoungGen      total 359936K, used 315904K [0x0000000795580000, 0x00000007af280000, 0x00000007c0000000)
  eden space 315904K, 100% used [0x0000000795580000,0x00000007a8a00000,0x00000007a8a00000)
  from space 44032K, 0% used [0x00000007abb80000,0x00000007abb80000,0x00000007ae680000)
  to   space 50688K, 0% used [0x00000007a8a00000,0x00000007a8a00000,0x00000007abb80000)
 ParOldGen       total 136192K, used 66836K [0x0000000740000000, 0x0000000748500000, 0x0000000795580000)
  object space 136192K, 49% used [0x0000000740000000,0x0000000744145240,0x0000000748500000)
 Metaspace       used 27443K, capacity 28092K, committed 28416K, reserved 1073152K
  class space    used 3590K, capacity 3769K, committed 3840K, reserved 1048576K
Event: 21.174 GC heap after
Heap after GC invocations=14 (full 3):
 PSYoungGen      total 366592K, used 50421K [0x0000000795580000, 0x00000007b8400000, 0x00000007c0000000)
  eden space 315904K, 0% used [0x0000000795580000,0x0000000795580000,0x00000007a8a00000)
  from space 50688K, 99% used [0x00000007a8a00000,0x00000007abb3d400,0x00000007abb80000)
  to   space 57856K, 0% used [0x00000007b4b80000,0x00000007b4b80000,0x00000007b8400000)
 ParOldGen       total 136192K, used 104311K [0x0000000740000000, 0x0000000748500000, 0x0000000795580000)
  object space 136192K, 76% used [0x0000000740000000,0x00000007465ddfc0,0x0000000748500000)
 Metaspace       used 27443K, capacity 28092K, committed 28416K, reserved 1073152K
  class space    used 3590K, capacity 3769K, committed 3840K, reserved 1048576K
}
Event: 21.174 GC heap before
{Heap before GC invocations=15 (full 4):
 PSYoungGen      total 366592K, used 50421K [0x0000000795580000, 0x00000007b8400000, 0x00000007c0000000)
  eden space 315904K, 0% used [0x0000000795580000,0x0000000795580000,0x00000007a8a00000)
  from space 50688K, 99% used [0x00000007a8a00000,0x00000007abb3d400,0x00000007abb80000)
  to   space 57856K, 0% used [0x00000007b4b80000,0x00000007b4b80000,0x00000007b8400000)
 ParOldGen       total 136192K, used 104311K [0x0000000740000000, 0x0000000748500000, 0x0000000795580000)
  object space 136192K, 76% used [0x0000000740000000,0x00000007465ddfc0,0x0000000748500000)
 Metaspace       used 27443K, capacity 28092K, committed 28416K, reserved 1073152K
  class space    used 3590K, capacity 3769K, committed 3840K, reserved 1048576K
Event: 21.201 GC heap after
Heap after GC invocations=15 (full 4):
 PSYoungGen      total 366592K, used 0K [0x0000000795580000, 0x00000007b8400000, 0x00000007c0000000)
  eden space 315904K, 0% used [0x0000000795580000,0x0000000795580000,0x00000007a8a00000)
  from space 50688K, 0% used [0x00000007a8a00000,0x00000007a8a00000,0x00000007abb80000)
  to   space 57856K, 0% used [0x00000007b4b80000,0x00000007b4b80000,0x00000007b8400000)
 ParOldGen       total 181248K, used 94527K [0x0000000740000000, 0x000000074b100000, 0x0000000795580000)
  object space 181248K, 52% used [0x0000000740000000,0x0000000745c4fef8,0x000000074b100000)
 Metaspace       used 27443K, capacity 28092K, committed 28416K, reserved 1073152K
  class space    used 3590K, capacity 3769K, committed 3840K, reserved 1048576K
}
Event: 24.228 GC heap before
{Heap before GC invocations=16 (full 4):
 PSYoungGen      total 366592K, used 315904K [0x0000000795580000, 0x00000007b8400000, 0x00000007c0000000)
  eden space 315904K, 100% used [0x0000000795580000,0x00000007a8a00000,0x00000007a8a00000)
  from space 50688K, 0% used [0x00000007a8a00000,0x00000007a8a00000,0x00000007abb80000)
  to   space 57856K, 0% used [0x00000007b4b80000,0x00000007b4b80000,0x00000007b8400000)
 ParOldGen       total 181248K, used 94527K [0x0000000740000000, 0x000000074b100000, 0x0000000795580000)
  object space 181248K, 52% used [0x0000000740000000,0x0000000745c4fef8,0x000000074b100000)
 Metaspace       used 27504K, capacity 28156K, committed 28416K, reserved 1073152K
  class space    used 3598K, capacity 3769K, committed 3840K, reserved 1048576K
Event: 24.264 GC heap after
Heap after GC invocations=16 (full 4):
 PSYoungGen      total 504832K, used 57842K [0x0000000795580000, 0x00000007b8d80000, 0x00000007c0000000)
  eden space 446976K, 0% used [0x0000000795580000,0x0000000795580000,0x00000007b0a00000)
  from space 57856K, 99% used [0x00000007b4b80000,0x00000007b83fcae0,0x00000007b8400000)
  to   space 67072K, 0% used [0x00000007b0a00000,0x00000007b0a00000,0x00000007b4b80000)
 ParOldGen       total 181248K, used 122213K [0x0000000740000000, 0x000000074b100000, 0x0000000795580000)
  object space 181248K, 67% used [0x0000000740000000,0x00000007477597f8,0x000000074b100000)
 Metaspace       used 27504K, capacity 28156K, committed 28416K, reserved 1073152K
  class space    used 3598K, capacity 3769K, committed 3840K, reserved 1048576K
}
Event: 32.710 GC heap before
{Heap before GC invocations=17 (full 4):
 PSYoungGen      total 504832K, used 504818K [0x0000000795580000, 0x00000007b8d80000, 0x00000007c0000000)
  eden space 446976K, 100% used [0x0000000795580000,0x00000007b0a00000,0x00000007b0a00000)
  from space 57856K, 99% used [0x00000007b4b80000,0x00000007b83fcae0,0x00000007b8400000)
  to   space 67072K, 0% used [0x00000007b0a00000,0x00000007b0a00000,0x00000007b4b80000)
 ParOldGen       total 181248K, used 122213K [0x0000000740000000, 0x000000074b100000, 0x0000000795580000)
  object space 181248K, 67% used [0x0000000740000000,0x00000007477597f8,0x000000074b100000)
 Metaspace       used 27592K, capacity 28284K, committed 28416K, reserved 1073152K
  class space    used 3600K, capacity 3769K, committed 3840K, reserved 1048576K
Event: 32.730 GC heap after
Heap after GC invocations=17 (full 4):
 PSYoungGen      total 514048K, used 40792K [0x0000000795580000, 0x00000007c0000000, 0x00000007c0000000)
  eden space 446976K, 0% used [0x0000000795580000,0x0000000795580000,0x00000007b0a00000)
  from space 67072K, 60% used [0x00000007b0a00000,0x00000007b31d6350,0x00000007b4b80000)
  to   space 67584K, 0% used [0x00000007bbe00000,0x00000007bbe00000,0x00000007c0000000)
 ParOldGen       total 181248K, used 123330K [0x0000000740000000, 0x000000074b100000, 0x0000000795580000)
  object space 181248K, 68% used [0x0000000740000000,0x0000000747870a98,0x000000074b100000)
 Metaspace       used 27592K, capacity 28284K, committed 28416K, reserved 1073152K
  class space    used 3600K, capacity 3769K, committed 3840K, reserved 1048576K
}

